<?xml version="1.0" encoding="UTF-8"?>
<testsuite xmlns:xsi="http://www.w3.org/2001/XMLSchema-instance" xsi:noNamespaceSchemaLocation="https://maven.apache.org/surefire/maven-surefire-plugin/xsd/surefire-test-report.xsd" name="javiermugueta.blog.AppTest" time="0.061" tests="1" errors="0" skipped="0" failures="0">
  <properties>
    <property name="gopherProxySet" value="false"/>
    <property name="awt.toolkit" value="sun.lwawt.macosx.LWCToolkit"/>
    <property name="java.specification.version" value="11"/>
    <property name="sun.cpu.isalist" value=""/>
    <property name="sun.jnu.encoding" value="UTF-8"/>
    <property name="java.class.path" value="/Users/javiermugueta/Library/Mobile Documents/com~apple~CloudDocs/INTERCHANGE/TUTORIALS/soda4java/jsontest/target/test-classes:/Users/javiermugueta/Library/Mobile Documents/com~apple~CloudDocs/INTERCHANGE/TUTORIALS/soda4java/jsontest/target/classes:/Users/javiermugueta/.m2/repository/junit/junit/4.11/junit-4.11.jar:/Users/javiermugueta/.m2/repository/org/hamcrest/hamcrest-core/1.3/hamcrest-core-1.3.jar:/Users/javiermugueta/.m2/repository/com/oracle/database/soda/orajsoda/1.1.4/orajsoda-1.1.4.jar:/Users/javiermugueta/.m2/repository/com/oracle/database/jdbc/ojdbc8/19.7.0.0/ojdbc8-19.7.0.0.jar:/Users/javiermugueta/.m2/repository/org/glassfish/javax.json/1.1.4/javax.json-1.1.4.jar:"/>
    <property name="java.vm.vendor" value="GraalVM Community"/>
    <property name="sun.arch.data.model" value="64"/>
    <property name="java.vendor.url" value="https://www.graalvm.org/"/>
    <property name="user.timezone" value=""/>
    <property name="java.vm.specification.version" value="11"/>
    <property name="os.name" value="Mac OS X"/>
    <property name="sun.java.launcher" value="SUN_STANDARD"/>
    <property name="user.country" value="ES"/>
    <property name="sun.boot.library.path" value="/Library/Java/JavaVirtualMachines/graalvm-ce-java11-20.2.0/Contents/Home/lib"/>
    <property name="sun.java.command" value="/Users/javiermugueta/Library/Mobile Documents/com~apple~CloudDocs/INTERCHANGE/TUTORIALS/soda4java/jsontest/target/surefire/surefirebooter16933798317007965950.jar /Users/javiermugueta/Library/Mobile Documents/com~apple~CloudDocs/INTERCHANGE/TUTORIALS/soda4java/jsontest/target/surefire 2021-01-15T03-46-00_319-jvmRun1 surefire1359027333125501772tmp surefire_017145607686008224635tmp"/>
    <property name="http.nonProxyHosts" value="local|*.local|169.254/16|*.169.254/16"/>
    <property name="jdk.debug" value="release"/>
    <property name="surefire.test.class.path" value="/Users/javiermugueta/Library/Mobile Documents/com~apple~CloudDocs/INTERCHANGE/TUTORIALS/soda4java/jsontest/target/test-classes:/Users/javiermugueta/Library/Mobile Documents/com~apple~CloudDocs/INTERCHANGE/TUTORIALS/soda4java/jsontest/target/classes:/Users/javiermugueta/.m2/repository/junit/junit/4.11/junit-4.11.jar:/Users/javiermugueta/.m2/repository/org/hamcrest/hamcrest-core/1.3/hamcrest-core-1.3.jar:/Users/javiermugueta/.m2/repository/com/oracle/database/soda/orajsoda/1.1.4/orajsoda-1.1.4.jar:/Users/javiermugueta/.m2/repository/com/oracle/database/jdbc/ojdbc8/19.7.0.0/ojdbc8-19.7.0.0.jar:/Users/javiermugueta/.m2/repository/org/glassfish/javax.json/1.1.4/javax.json-1.1.4.jar:"/>
    <property name="sun.cpu.endian" value="little"/>
    <property name="user.home" value="/Users/javiermugueta"/>
    <property name="user.language" value="en"/>
    <property name="java.specification.vendor" value="Oracle Corporation"/>
    <property name="java.version.date" value="2020-07-14"/>
    <property name="java.home" value="/Library/Java/JavaVirtualMachines/graalvm-ce-java11-20.2.0/Contents/Home"/>
    <property name="file.separator" value="/"/>
    <property name="basedir" value="/Users/javiermugueta/Library/Mobile Documents/com~apple~CloudDocs/INTERCHANGE/TUTORIALS/soda4java/jsontest"/>
    <property name="java.vm.compressedOopsMode" value="Zero based"/>
    <property name="line.separator" value="&#10;"/>
    <property name="jdk.internal.vm.ci.enabled" value="true"/>
    <property name="java.specification.name" value="Java Platform API Specification"/>
    <property name="java.vm.specification.vendor" value="Oracle Corporation"/>
    <property name="java.awt.graphicsenv" value="sun.awt.CGraphicsEnvironment"/>
    <property name="surefire.real.class.path" value="/Users/javiermugueta/Library/Mobile Documents/com~apple~CloudDocs/INTERCHANGE/TUTORIALS/soda4java/jsontest/target/surefire/surefirebooter16933798317007965950.jar"/>
    <property name="sun.management.compiler" value="HotSpot 64-Bit Tiered Compilers"/>
    <property name="ftp.nonProxyHosts" value="local|*.local|169.254/16|*.169.254/16"/>
    <property name="java.runtime.version" value="11.0.8+10-jvmci-20.2-b03"/>
    <property name="user.name" value="javiermugueta"/>
    <property name="path.separator" value=":"/>
    <property name="os.version" value="10.15.7"/>
    <property name="java.runtime.name" value="OpenJDK Runtime Environment"/>
    <property name="file.encoding" value="UTF-8"/>
    <property name="java.vm.name" value="OpenJDK 64-Bit Server VM"/>
    <property name="java.vendor.version" value="GraalVM CE 20.2.0"/>
    <property name="localRepository" value="/Users/javiermugueta/.m2/repository"/>
    <property name="java.vendor.url.bug" value="https://github.com/oracle/graal/issues"/>
    <property name="java.io.tmpdir" value="/var/folders/d4/_ngthj356_q08f90d4m3fn_00000gn/T/"/>
    <property name="java.version" value="11.0.8"/>
    <property name="user.dir" value="/Users/javiermugueta/Library/Mobile Documents/com~apple~CloudDocs/INTERCHANGE/TUTORIALS/soda4java/jsontest"/>
    <property name="os.arch" value="x86_64"/>
    <property name="java.vm.specification.name" value="Java Virtual Machine Specification"/>
    <property name="java.awt.printerjob" value="sun.lwawt.macosx.CPrinterJob"/>
    <property name="sun.os.patch.level" value="unknown"/>
    <property name="java.library.path" value="/Users/javiermugueta/Library/Java/Extensions:/Library/Java/Extensions:/Network/Library/Java/Extensions:/System/Library/Java/Extensions:/usr/lib/java:."/>
    <property name="java.vm.info" value="mixed mode, sharing"/>
    <property name="java.vendor" value="GraalVM Community"/>
    <property name="java.vm.version" value="11.0.8+10-jvmci-20.2-b03"/>
    <property name="sun.io.unicode.encoding" value="UnicodeBig"/>
    <property name="java.class.version" value="55.0"/>
    <property name="socksNonProxyHosts" value="local|*.local|169.254/16|*.169.254/16"/>
  </properties>
  <testcase name="shouldAnswerWithTrue" classname="javiermugueta.blog.AppTest" time="0.002"/>
</testsuite>